<?xml version="1.0" encoding="UTF-8"?>
<!-- Generated by org.testng.reporters.JUnitReportReporter -->
<testsuite skipped="0" hostname="LAPTOP-P1RJKQHD" name="randomHandling.CaptchaHandling" tests="1" failures="0" timestamp="22 Jun 2019 18:44:30 GMT" time="24.317" errors="0">
  <testcase name="captchaTest" time="24.317" classname="randomHandling.CaptchaHandling"/>
</testsuite> <!-- randomHandling.CaptchaHandling -->
