<?xml version="1.0" encoding="UTF-8"?>
<!-- Generated by org.testng.reporters.JUnitReportReporter -->
<testsuite skipped="0" hostname="LAPTOP-P1RJKQHD" name="testCases.InstaSignUp" tests="1" failures="0" timestamp="22 Jun 2019 20:12:27 GMT" time="11.403" errors="0">
  <testcase name="test" time="11.403" classname="testCases.InstaSignUp"/>
</testsuite> <!-- testCases.InstaSignUp -->
